
# Current date: Sat Nov 25 01:51:12 2023
# Hostname: ip-192-168-0-11
# Files: /dev/stdin
# Overall: 449.94k total, 93 unique
# Attribute          total     min     max     avg     95%  median
# =============    ======= ======= ======= ======= ======= =======
# Exec time        492.31s   1.0us 796.8ms   1.1ms   4.0ms  66.0us
# Lock time        428.4ms       0  18.0ms 952.1ns   1.0us       0
# Rows sent        296.36k       0   7.50k       0       1       0
# Rows examined    282.30M       0  14.35k  627.00   2.01k       1

# Profile
# Rank Query ID           Response time  Calls  R/Call
# ==== ================== ============== ====== ======
#    1 0x26A36DC55C1D2623 139.6725  28.4%   5860 0.0238 SELECT livestream_tags
#    2 0x23BF896EBFC51D24 48.9635   9.9%   7133 0.0069 SELECT records
#    3 0xB711A299ADC32792 44.1918   9.0% 131853 0.0003 PREPARE
#    4 0xC9EBECB8B1065C66 43.5624   8.8%  10637 0.0041 SELECT icons
#    5 0x2772C892C2573803 30.4025   6.2%   3227 0.0094 SELECT users livestreams livecomments
#    6 0x224C4DEEAF3028C9 29.8610   6.1%   3230 0.0092 SELECT users livestreams reactions
#    7 0x571FFC8104A6E50C 25.1888   5.1%   5237 0.0048 SELECT records
#    8 0xEE324671506C898A 16.6294   3.4%   8873 0.0019 SELECT themes
#    9 0x9E55B3BFD624E8C3 15.5275   3.2%    712 0.0218 SELECT reservation_slots
#   10 0x891749AF54FB8D14 14.9238   3.0%  29043 0.0005 DELETE livecomments
#   11 0x03375597CE4D611F 10.2405   2.1%    219 0.0468 SELECT ng_words
#   12 0x2F20BFB45F6C37E7  7.5382   1.5%  21054 0.0004 SELECT tags
#   13 0x813031B8BBC3B329  6.8854   1.4%   2048 0.0034 COMMIT 
#   14 0x9E0C76405B54C261  6.1662   1.3%   8578 0.0007 SELECT domains domainmetadata
#   15 0x152C35014639D1CE  4.6663   0.9%  21744 0.0002 RESET
#   16 0xFF5C1EBB1979694B  4.1911   0.9%  14992 0.0003 SELECT livestreams livecomments
#   17 0x9DD098305A326FC6  4.1856   0.9%     89 0.0470 UPDATE reservation_slots
#   18 0xB61FC43A94BB888A  3.7222   0.8%  14992 0.0002 SELECT livestreams reactions
#   19 0xB723EE16C08655F1  3.6451   0.7%     90 0.0405 SELECT reservation_slots
#   20 0x3EE27FFC9AAF05A3  3.2749   0.7%     77 0.0425 SELECT livestreams

# Query 1: ID 0x26A36DC55C1D2623
# Attribute     pct   total     min     max     avg     95%  median
# ============= === ======= ======= ======= ======= ======= =======
# Count           1    5860
# Exec time      28 139.67s   2.2ms 126.8ms  23.8ms  50.0ms  25.1ms
# Lock time       4  18.7ms       0   5.9ms   3.2us   1.0us   1.0us
# Rows sent       7  21.08k       0      11    3.00       5       5
# Rows examined  23  65.20M  10.97k  11.33k  11.13k  11.30k  11.11k
# String:
# Databases     isupipe
# 
# EXPLAIN /*!50100 PARTITIONS*/
SELECT * FROM livestream_tags WHERE livestream_id = 7533\G

# Query 2: ID 0x23BF896EBFC51D24
# Attribute     pct   total     min     max     avg     95%  median
# ============= === ======= ======= ======= ======= ======= =======
# Count           2    7133
# Exec time      10  48.96s 116.0us  61.7ms   6.9ms  18.3ms   5.2ms
# Lock time       7  29.5ms       0   8.8ms   4.1us   2.0us   1.0us
# Rows sent       0   1.41k       0       1       0       1       0
# Rows examined   4   9.89M       4   1.47k   1.39k   1.46k   1.39k
# String:
# Databases     isudns
# 
# EXPLAIN /*!50100 PARTITIONS*/
SELECT content,ttl,prio,type,domain_id,disabled,name,auth FROM records WHERE disabled=0 and name='kuaqsrgigfh86860x2l0rd7r0.u.isucon.dev' and domain_id=2\G

# Query 3: ID 0xB711A299ADC32792
# Attribute     pct   total     min     max     avg     95%  median
# ============= === ======= ======= ======= ======= ======= =======
# Count          29  131853
# Exec time       9  44.19s  22.0us 280.3ms 335.2us   1.4ms  72.0us
# Lock time       0       0       0       0       0       0       0
# Rows sent       0       0       0       0       0       0       0
# Rows examined   0       0       0       0       0       0       0
# String:
# Databases     isudns
# 
# EXPLAIN /*!50100 PARTITIONS*/
Prepare\G

# Query 4: ID 0xC9EBECB8B1065C66
# Attribute     pct   total     min     max     avg     95%  median
# ============= === ======= ======= ======= ======= ======= =======
# Count           2   10637
# Exec time       9  43.56s  46.0us 154.6ms   4.1ms  13.6ms   1.8ms
# Lock time       5  19.6ms       0   1.2ms   1.8us   1.0us   1.0us
# Rows sent       3   7.95k       0       1       0       1       1
# Rows examined   0 895.66k       0     183   84.00     171      83
# String:
# Databases     isupipe
# 
# EXPLAIN /*!50100 PARTITIONS*/
SELECT image FROM icons WHERE user_id = 1015\G

# Query 5: ID 0x2772C892C2573803
# Attribute     pct   total     min     max     avg     95%  median
# ============= === ======= ======= ======= ======= ======= =======
# Count           1    3227
# Exec time       6  30.40s   1.8ms  79.3ms   9.4ms  33.6ms   1.9ms
# Lock time       2   9.6ms       0   2.6ms   3.0us   2.0us   1.0us
# Rows sent       1   3.23k       1       1    1.00       1       1
# Rows examined   2   6.73M   2.00k   2.33k   2.09k   2.33k   2.01k
# String:
# Databases     isupipe
# 
# EXPLAIN /*!50100 PARTITIONS*/
SELECT IFNULL(SUM(l2.tip), 0) FROM users u
		INNER JOIN livestreams l ON l.user_id = u.id	
		INNER JOIN livecomments l2 ON l2.livestream_id = l.id
		WHERE u.id = 128\G

# Query 6: ID 0x224C4DEEAF3028C9
# Attribute     pct   total     min     max     avg     95%  median
# ============= === ======= ======= ======= ======= ======= =======
# Count           1    3230
# Exec time       6  29.86s   1.8ms  92.8ms   9.2ms  34.9ms   1.9ms
# Lock time       2   6.6ms       0   1.8ms   2.1us   2.0us   1.0us
# Rows sent       1   3.23k       1       1    1.00       1       1
# Rows examined   2   6.74M   2.00k   2.31k   2.09k   2.31k   2.01k
# String:
# Databases     isupipe
# 
# EXPLAIN /*!50100 PARTITIONS*/
SELECT COUNT(*) FROM users u
		INNER JOIN livestreams l ON l.user_id = u.id
		INNER JOIN reactions r ON r.livestream_id = l.id
		WHERE u.id = 101\G

# Query 7: ID 0x571FFC8104A6E50C
# Attribute     pct   total     min     max     avg     95%  median
# ============= === ======= ======= ======= ======= ======= =======
# Count           1    5237
# Exec time       5  25.19s 109.0us  49.0ms   4.8ms  15.3ms   2.1ms
# Lock time       3  13.3ms       0   2.0ms   2.5us   2.0us   1.0us
# Rows sent       1   2.69k       0       1       0       1       1
# Rows examined   3   7.26M       4   1.47k   1.39k   1.46k   1.39k
# String:
# Databases     isudns
# 
# EXPLAIN /*!50100 PARTITIONS*/
SELECT content,ttl,prio,type,domain_id,disabled,name,auth FROM records WHERE disabled=0 and type='SOA' and name='u.isucon.dev'\G

# Query 8: ID 0xEE324671506C898A
# Attribute     pct   total     min     max     avg     95%  median
# ============= === ======= ======= ======= ======= ======= =======
# Count           2    8873
# Exec time       3  16.63s 242.0us  36.2ms   1.9ms   6.3ms 711.0us
# Lock time       9  39.0ms       0   6.0ms   4.4us   1.0us   1.0us
# Rows sent       3   8.87k       1       1    1.00       1       1
# Rows examined   3   9.66M   1.00k   1.19k   1.09k   1.18k   1.09k
# String:
# Databases     isupipe
# 
# EXPLAIN /*!50100 PARTITIONS*/
SELECT * FROM themes WHERE user_id = 1011\G

# Query 9: ID 0x9E55B3BFD624E8C3
# Attribute     pct   total     min     max     avg     95%  median
# ============= === ======= ======= ======= ======= ======= =======
# Count           0     712
# Exec time       3  15.53s   1.9ms  77.2ms  21.8ms  42.9ms  20.8ms
# Lock time       0   1.1ms       0 233.0us   1.6us   1.0us   1.0us
# Rows sent       0     712       1       1    1.00       1       1
# Rows examined   2   6.24M   8.76k   8.76k   8.76k   8.76k   8.76k
# String:
# Databases     isupipe
# 
# EXPLAIN /*!50100 PARTITIONS*/
SELECT slot FROM reservation_slots WHERE start_at = 1701223200 AND end_at = 1701226800\G

# Query 10: ID 0x891749AF54FB8D14
# Attribute     pct   total     min     max     avg     95%  median
# ============= === ======= ======= ======= ======= ======= =======
# Count           6   29043
# Exec time       3  14.92s  46.0us  38.1ms 513.9us   1.9ms 214.0us
# Lock time      13  56.4ms       0   2.5ms   1.9us   1.0us   1.0us
# Rows sent       0       0       0       0       0       0       0
# Rows examined   0  58.09k       2       4    2.00       2       2
# String:
# Databases     isupipe
# 
# EXPLAIN /*!50100 PARTITIONS*/
DELETE FROM livecomments
			WHERE
			id = 362 AND
			livestream_id = 7522 AND
			(SELECT COUNT(*)
			FROM
			(SELECT 'このトピックに深く触れてくれて感謝しています。' AS text) AS texts
			INNER JOIN
			(SELECT CONCAT('%', '電磁波遮蔽材', '%')	AS pattern) AS patterns
			ON texts.text LIKE patterns.pattern) >= 1\G

# Query 11: ID 0x03375597CE4D611F
# Attribute     pct   total     min     max     avg     95%  median
# ============= === ======= ======= ======= ======= ======= =======
# Count           0     219
# Exec time       2  10.24s   3.8ms 102.9ms  46.8ms  78.6ms  48.0ms
# Lock time       0 229.0us       0  18.0us   1.0us   2.0us   1.0us
# Rows sent       0      73       0       3       0       1       0
# Rows examined   1   3.14M  14.34k  14.35k  14.34k  14.35k  14.34k
# String:
# Databases     isupipe
# 
# EXPLAIN /*!50100 PARTITIONS*/
SELECT id, user_id, livestream_id, word FROM ng_words WHERE user_id = 1047 AND livestream_id = 7539\G

# Query 12: ID 0x2F20BFB45F6C37E7
# Attribute     pct   total     min     max     avg     95%  median
# ============= === ======= ======= ======= ======= ======= =======
# Count           5   21054
# Exec time       2   7.54s  33.0us  38.1ms 358.0us   1.5ms 103.0us
# Lock time      10  44.7ms       0   3.2ms   2.1us   1.0us   1.0us
# Rows sent       7  21.05k       1       1    1.00       1       1
# Rows examined   0  21.05k       1       1    1.00       1       1
# String:
# Databases     isupipe
# 
# EXPLAIN /*!50100 PARTITIONS*/
SELECT * FROM tags WHERE id = 66\G

# Query 13: ID 0x813031B8BBC3B329
# Attribute     pct   total     min     max     avg     95%  median
# ============= === ======= ======= ======= ======= ======= =======
# Count           0    2048
# Exec time       1   6.89s  21.0us 161.6ms   3.4ms   8.1ms   2.8ms
# Lock time       0       0       0       0       0       0       0
# Rows sent       0       0       0       0       0       0       0
# Rows examined   0       0       0       0       0       0       0
# String:
# Databases     isudns
# 
# EXPLAIN /*!50100 PARTITIONS*/
COMMIT\G

# Query 14: ID 0x9E0C76405B54C261
# Attribute     pct   total     min     max     avg     95%  median
# ============= === ======= ======= ======= ======= ======= =======
# Count           2    8578
# Exec time       1   6.17s  82.0us  26.5ms 718.8us   2.9ms 220.0us
# Lock time       7  30.6ms       0   2.3ms   3.6us   2.0us   2.0us
# Rows sent       0       0       0       0       0       0       0
# Rows examined   0       0       0       0       0       0       0
# String:
# Databases     isudns
# 
# EXPLAIN /*!50100 PARTITIONS*/
select kind,content from domains, domainmetadata where domainmetadata.domain_id=domains.id and name='u.isucon.dev'\G

# Query 15: ID 0x152C35014639D1CE
# Attribute     pct   total     min     max     avg     95%  median
# ============= === ======= ======= ======= ======= ======= =======
# Count           5   21744
# Exec time       1   4.67s   7.0us  28.8ms 214.6us 878.0us  43.0us
# Lock time       0       0       0       0       0       0       0
# Rows sent       0       0       0       0       0       0       0
# Rows examined   0       0       0       0       0       0       0
# String:
# Databases     isudns
# 
# EXPLAIN /*!50100 PARTITIONS*/
Reset stmt\G

# Query 16: ID 0xFF5C1EBB1979694B
# Attribute     pct   total     min     max     avg     95%  median
# ============= === ======= ======= ======= ======= ======= =======
# Count           3   14992
# Exec time       1   4.19s 259.0us  10.2ms 279.6us 295.0us 277.0us
# Lock time       3  13.1ms       0  19.0us 872.7ns   1.0us   1.0us
# Rows sent       5  14.99k       1       1    1.00       1       1
# Rows examined   5  15.02M   1.00k   1.00k   1.00k   1.00k   1.00k
# String:
# Databases     
# 
# EXPLAIN /*!50100 PARTITIONS*/
SELECT IFNULL(SUM(l2.tip), 0) FROM livestreams l INNER JOIN livecomments l2 ON l.id = l2.livestream_id WHERE l.id = 2669\G

# Query 17: ID 0x9DD098305A326FC6
# Attribute     pct   total     min     max     avg     95%  median
# ============= === ======= ======= ======= ======= ======= =======
# Count           0      89
# Exec time       1   4.19s   5.2ms 119.4ms  47.0ms  96.6ms  55.4ms
# Lock time       0  83.0us       0   2.0us 932.6ns   1.0us   1.0us
# Rows sent       0       0       0       0       0       0       0
# Rows examined   0 779.55k   8.76k   8.76k   8.76k   8.76k   8.76k
# String:
# Databases     isupipe
# 
# EXPLAIN /*!50100 PARTITIONS*/
UPDATE reservation_slots SET slot = slot - 1 WHERE start_at >= 1700985600 AND end_at <= 1701050400\G

# Query 18: ID 0xB61FC43A94BB888A
# Attribute     pct   total     min     max     avg     95%  median
# ============= === ======= ======= ======= ======= ======= =======
# Count           3   14992
# Exec time       1   3.72s 225.0us   3.8ms 248.3us 264.0us 247.0us
# Lock time       3  13.0ms       0  15.0us 870.3ns   1.0us   1.0us
# Rows sent       5  14.99k       1       1    1.00       1       1
# Rows examined   5  15.03M   1.00k   1.00k   1.00k   1.00k   1.00k
# String:
# Databases     
# 
# EXPLAIN /*!50100 PARTITIONS*/
SELECT COUNT(*) FROM livestreams l INNER JOIN reactions r ON l.id = r.livestream_id WHERE l.id = 540\G

# Query 19: ID 0xB723EE16C08655F1
# Attribute     pct   total     min     max     avg     95%  median
# ============= === ======= ======= ======= ======= ======= =======
# Count           0      90
# Exec time       1   3.65s   5.0ms 113.5ms  40.5ms  86.3ms  44.4ms
# Lock time       0 176.0us       0  88.0us   2.0us   2.0us   1.0us
# Rows sent       0     712       1      20    7.00      19       8
# Rows examined   0 788.31k   8.76k   8.76k   8.76k   8.76k   8.76k
# String:
# Databases     isupipe
# 
# EXPLAIN /*!50100 PARTITIONS*/
SELECT * FROM reservation_slots WHERE start_at >= 1701270000 AND end_at <= 1701313200 FOR UPDATE\G

# Query 20: ID 0x3EE27FFC9AAF05A3
# Attribute     pct   total     min     max     avg     95%  median
# ============= === ======= ======= ======= ======= ======= =======
# Count           0      77
# Exec time       1   3.27s   4.4ms  95.4ms  42.5ms  80.0ms  42.2ms
# Lock time       0 250.0us       0 156.0us   3.2us   2.0us   1.0us
# Rows sent       0     122       0      21    1.00       9       0
# Rows examined   0 580.67k   7.50k   7.58k   7.54k   7.58k   7.54k
# String:
# Databases     isupipe
# 
# EXPLAIN /*!50100 PARTITIONS*/
SELECT * FROM livestreams WHERE user_id = 1117\G
